<?xml version="1.0" encoding="UTF-8"?>
<testsuite name="DSBot.LibraryTest" tests="1" skipped="0" failures="0" errors="0" timestamp="2022-09-30T19:13:23" hostname="DESKTOP-O44KM7S" time="0.001">
  <properties/>
  <testcase name="someLibraryMethodReturnsTrue()" classname="DSBot.LibraryTest" time="0.001"/>
  <system-out><![CDATA[]]></system-out>
  <system-err><![CDATA[]]></system-err>
</testsuite>
